{"level":"error","message":"[GET] /customers/111 >> StatusCode:: 404, Message:: Customer may not Exist","timestamp":"Jul-09-2024 16:38:36"}
{"level":"error","message":"[GET] /customers/111 >> StatusCode:: 404, Message:: Customer may not Exist","timestamp":"Jul-09-2024 16:38:50"}
{"level":"error","message":"[GET] /customers/111 >> StatusCode:: 404, Message:: Customer may not Exist","timestamp":"Jul-09-2024 16:39:13"}
{"level":"error","message":"[GET] /customers/223 >> StatusCode:: 404, Message:: Customer with id 223 not found","timestamp":"Jul-09-2024 16:44:58"}
{"level":"error","message":"[GET] /customers/3434 >> StatusCode:: 404, Message:: Customer with id 3434 not found","timestamp":"Jul-09-2024 16:45:13"}
{"level":"error","message":"[GET] /customers/23434 >> StatusCode:: 404, Message:: Customer with id 23434 not found","timestamp":"Jul-09-2024 16:46:04"}
{"level":"error","message":"[GET] /customers/d >> StatusCode:: 500, Message:: Internal Server Error","timestamp":"Jul-10-2024 12:01:05"}
{"level":"error","message":"[GET] /customers/dfdf >> StatusCode:: 500, Message:: Internal Server Error","timestamp":"Jul-10-2024 12:01:08"}
{"level":"error","message":"[GET] /customers//dfd >> StatusCode:: 500, Message:: Internal Server Error","timestamp":"Jul-10-2024 12:01:10"}
{"level":"error","message":"[GET] /customers/34 >> StatusCode:: 404, Message:: Customer with id 34 not found","timestamp":"Jul-10-2024 12:02:04"}
{"level":"error","message":"[GET] /customers/dsfsd >> StatusCode:: 500, Message:: Internal Server Error","timestamp":"Jul-10-2024 12:02:06"}
{"level":"error","message":"[GET] /customers/2dfe >> StatusCode:: 500, Message:: Internal Server Error","timestamp":"Jul-10-2024 12:03:16"}
{"level":"error","message":"[GET] /customers/22 >> StatusCode:: 404, Message:: Customer with id 22 not found","timestamp":"Jul-10-2024 12:03:19"}
{"level":"error","message":"[GET] /customers/22 >> StatusCode:: 404, Message:: Customer with id 22 not found","timestamp":"Jul-10-2024 12:03:19"}
{"level":"error","message":"[GET] /customers >> StatusCode:: 404, Message:: Customers not found","timestamp":"Jul-10-2024 12:03:39"}
{"level":"error","message":"[DELETE] /customers/delete/4 >> StatusCode:: 404, Message:: Customer with id 4 not found","timestamp":"Jul-10-2024 12:24:34"}
{"level":"error","message":"[DELETE] /customers/delete/4 >> StatusCode:: 404, Message:: Customer with id 4 not found","timestamp":"Jul-10-2024 12:26:34"}
{"level":"error","message":"[DELETE] /customers/delete/4 >> StatusCode:: 404, Message:: Customer with id 4 not found","timestamp":"Jul-10-2024 12:26:36"}
{"level":"error","message":"[DELETE] /customers/delete/11 >> StatusCode:: 404, Message:: Customer with id 11 not found","timestamp":"Jul-10-2024 14:42:55"}
{"level":"error","message":"[DELETE] /customers/delete/11 >> StatusCode:: 404, Message:: Customer with id 11 not found","timestamp":"Jul-10-2024 14:42:58"}
{"level":"error","message":"[GET] /customers/3434 >> StatusCode:: 404, Message:: Customer with id 3434 not found","timestamp":"Jul-10-2024 15:49:28"}
{"level":"error","message":"[GET] /customers/3434 >> StatusCode:: 404, Message:: Customer with id 3434 not found","timestamp":"Jul-10-2024 15:49:28"}
{"level":"error","message":"[GET] /customers/dfsdf >> StatusCode:: 500, Message:: Internal Server Error","timestamp":"Jul-10-2024 15:49:37"}
{"level":"error","message":"[GET] /customers/dfsdf >> StatusCode:: 500, Message:: Internal Serverdfdf Error","timestamp":"Jul-10-2024 15:49:45"}
{"level":"error","message":"[GET] /customers/dfsdf >> StatusCode:: 500, Message:: Internal Server Error","timestamp":"Jul-10-2024 15:49:50"}
{"level":"error","message":"[GET] /me >> StatusCode:: 401, Message:: Authentication token required","timestamp":"Jul-15-2024 11:02:25"}
{"level":"error","message":"[GET] /me >> StatusCode:: 401, Message:: Authentication token required","timestamp":"Jul-15-2024 11:03:54"}
{"level":"error","message":"[POST] /signup >> StatusCode:: 400, Message:: Email, password, and name are required","timestamp":"Jul-15-2024 11:04:38"}
{"level":"error","message":"[POST] /signup >> StatusCode:: 500, Message:: Internal Server Error","timestamp":"Jul-15-2024 11:05:14"}
{"level":"error","message":"[POST] /signup >> StatusCode:: 500, Message:: Internal Server Error","timestamp":"Jul-15-2024 11:06:28"}
{"level":"error","message":"[POST] /signup >> StatusCode:: 500, Message:: Internal Server Error","timestamp":"Jul-15-2024 11:08:08"}
{"level":"error","message":"[POST] /login >> StatusCode:: 500, Message:: Internal Server Error","timestamp":"Jul-15-2024 11:08:22"}
{"level":"error","message":"[GET] /me >> StatusCode:: 401, Message:: Authentication token required","timestamp":"Jul-15-2024 11:08:28"}
{"level":"error","message":"[GET] /me >> StatusCode:: 401, Message:: Authentication token required","timestamp":"Jul-15-2024 11:08:35"}
{"level":"error","message":"[POST] /login >> StatusCode:: 500, Message:: Internal Server Error","timestamp":"Jul-15-2024 11:08:39"}
{"level":"error","message":"[POST] /login >> StatusCode:: 500, Message:: Internal Server Error","timestamp":"Jul-15-2024 11:08:48"}
{"level":"error","message":"[POST] /login >> StatusCode:: 400, Message:: Email and password are required","timestamp":"Jul-15-2024 11:08:49"}
{"level":"error","message":"[POST] /login >> StatusCode:: 500, Message:: Internal Server Error","timestamp":"Jul-15-2024 11:08:54"}
{"level":"error","message":"[POST] /login >> StatusCode:: 400, Message:: Expected double-quoted property name in JSON at position 63","timestamp":"Jul-15-2024 11:09:06"}
{"level":"error","message":"[POST] /login >> StatusCode:: 500, Message:: Internal Server Error","timestamp":"Jul-15-2024 11:10:25"}
{"level":"error","message":"[GET] /me >> StatusCode:: 401, Message:: Authentication token required","timestamp":"Jul-15-2024 11:14:36"}
{"level":"error","message":"[GET] /customers/2 >> StatusCode:: 500, Message:: Internal Server Error","timestamp":"Jul-15-2024 11:14:40"}
{"level":"error","message":"[GET] /customers >> StatusCode:: 500, Message:: Internal Server Error","timestamp":"Jul-15-2024 11:14:43"}
{"level":"error","message":"[POST] /login >> StatusCode:: 401, Message:: Invalid credentials","timestamp":"Jul-15-2024 11:19:42"}
{"level":"error","message":"[POST] /signup >> StatusCode:: 409, Message:: Email already exists","timestamp":"Jul-15-2024 11:20:30"}
{"level":"error","message":"[POST] /signup >> StatusCode:: 400, Message:: Expected double-quoted property name in JSON at position 59","timestamp":"Jul-15-2024 11:52:49"}
{"level":"error","message":"[POST] /signup >> StatusCode:: 400, Message:: Email, password, and name are required","timestamp":"Jul-15-2024 11:52:53"}
{"level":"error","message":"[GET] /me >> StatusCode:: 401, Message:: Authentication token required","timestamp":"Jul-15-2024 12:50:51"}
{"level":"error","message":"[POST] /login >> StatusCode:: 500, Message:: Internal Server Error","timestamp":"Jul-15-2024 13:07:41"}
{"level":"error","message":"[POST] /login >> StatusCode:: 500, Message:: Internal Server Error","timestamp":"Jul-15-2024 13:09:04"}
{"level":"error","message":"[POST] /login >> StatusCode:: 500, Message:: Internal Server Error","timestamp":"Jul-15-2024 13:10:16"}
{"level":"error","message":"[POST] /login >> StatusCode:: 500, Message:: Internal Server Error","timestamp":"Jul-15-2024 13:10:42"}
{"level":"error","message":"[POST] /login >> StatusCode:: 500, Message:: Internal Server Error","timestamp":"Jul-15-2024 13:11:54"}
{"level":"error","message":"[GET] /customers/2 >> StatusCode:: 401, Message:: Authentication token required","timestamp":"Jul-15-2024 14:32:36"}
{"level":"error","message":"[GET] /customers >> StatusCode:: 401, Message:: Authentication token required","timestamp":"Jul-15-2024 14:32:40"}
{"level":"error","message":"[GET] /customers >> StatusCode:: 401, Message:: Authentication token required","timestamp":"Jul-15-2024 14:32:40"}
{"level":"error","message":"[GET] /customers >> StatusCode:: 401, Message:: Authentication token required","timestamp":"Jul-15-2024 14:34:59"}
{"level":"error","message":"[GET] /customers >> StatusCode:: 401, Message:: Authentication token required","timestamp":"Jul-15-2024 14:35:00"}
{"level":"error","message":"[GET] /customers >> StatusCode:: 401, Message:: Authentication token required","timestamp":"Jul-15-2024 14:36:22"}
{"level":"error","message":"[GET] /customers >> StatusCode:: 401, Message:: Authentication token required","timestamp":"Jul-15-2024 14:36:22"}
{"level":"error","message":"[GET] /customers >> StatusCode:: 401, Message:: Authentication token required","timestamp":"Jul-15-2024 14:36:22"}
{"level":"error","message":"[GET] /customers >> StatusCode:: 401, Message:: Authentication token required","timestamp":"Jul-15-2024 14:36:22"}
{"level":"error","message":"[GET] /customers >> StatusCode:: 401, Message:: Authentication token required","timestamp":"Jul-15-2024 14:36:25"}
{"level":"error","message":"[GET] /customers >> StatusCode:: 401, Message:: Authentication token required","timestamp":"Jul-15-2024 14:36:25"}
{"level":"error","message":"[GET] /customers >> StatusCode:: 401, Message:: Authentication token required","timestamp":"Jul-15-2024 14:36:40"}
{"level":"error","message":"[GET] /customers >> StatusCode:: 401, Message:: Authentication token required","timestamp":"Jul-15-2024 14:36:40"}
{"level":"error","message":"[GET] /customers >> StatusCode:: 401, Message:: Authentication token required","timestamp":"Jul-15-2024 14:37:20"}
{"level":"error","message":"[GET] /customers >> StatusCode:: 401, Message:: Authentication token required","timestamp":"Jul-15-2024 14:37:20"}
{"level":"error","message":"[GET] /customers >> StatusCode:: 401, Message:: Authentication token required","timestamp":"Jul-15-2024 14:37:49"}
{"level":"error","message":"[GET] /customers >> StatusCode:: 401, Message:: Authentication token required","timestamp":"Jul-15-2024 14:37:49"}
{"level":"error","message":"[GET] /customers >> StatusCode:: 401, Message:: Authentication token required","timestamp":"Jul-15-2024 14:38:07"}
{"level":"error","message":"[GET] /customers >> StatusCode:: 401, Message:: Authentication token required","timestamp":"Jul-15-2024 14:38:07"}
{"level":"error","message":"[GET] /customers >> StatusCode:: 403, Message:: Invalid or expired token","timestamp":"Jul-15-2024 14:42:12"}
{"level":"error","message":"[GET] /customers >> StatusCode:: 403, Message:: Invalid or expired token","timestamp":"Jul-15-2024 14:42:12"}
{"level":"error","message":"[GET] /customers/1 >> StatusCode:: 401, Message:: Authentication token required","timestamp":"Jul-15-2024 14:59:59"}
{"level":"error","message":"[GET] /customers/1 >> StatusCode:: 401, Message:: Authentication token required","timestamp":"Jul-15-2024 15:00:00"}
{"level":"error","message":"[GET] /customers/1 >> StatusCode:: 401, Message:: Authentication token required","timestamp":"Jul-15-2024 15:00:15"}
{"level":"error","message":"[GET] /customers/1 >> StatusCode:: 401, Message:: Authentication token required","timestamp":"Jul-15-2024 15:00:34"}
{"level":"error","message":"[GET] /customers/1 >> StatusCode:: 401, Message:: Authentication token required","timestamp":"Jul-15-2024 15:00:53"}
{"level":"error","message":"[GET] /customers >> StatusCode:: 401, Message:: Authentication token required","timestamp":"Jul-15-2024 15:01:14"}
{"level":"error","message":"[GET] /customers/1 >> StatusCode:: 401, Message:: Authentication token required","timestamp":"Jul-15-2024 15:01:16"}
{"level":"error","message":"[GET] /customers >> StatusCode:: 403, Message:: Invalid or expired token","timestamp":"Jul-15-2024 15:11:14"}
{"level":"error","message":"[GET] /customers >> StatusCode:: 403, Message:: Invalid or expired token","timestamp":"Jul-15-2024 15:11:16"}
{"level":"error","message":"[GET] /customers >> StatusCode:: 403, Message:: Invalid or expired token","timestamp":"Jul-15-2024 15:11:40"}
{"level":"error","message":"[GET] /customers >> StatusCode:: 403, Message:: Invalid or expired token","timestamp":"Jul-15-2024 15:11:43"}
{"level":"error","message":"[GET] /customers >> StatusCode:: 403, Message:: Invalid or expired token","timestamp":"Jul-15-2024 15:11:51"}
{"level":"error","message":"[GET] /customers >> StatusCode:: 403, Message:: Invalid or expired token","timestamp":"Jul-15-2024 15:11:52"}
{"level":"error","message":"[GET] /customers >> StatusCode:: 403, Message:: Invalid or expired token","timestamp":"Jul-15-2024 15:12:22"}
{"level":"error","message":"[GET] /customers >> StatusCode:: 403, Message:: Invalid or expired token","timestamp":"Jul-15-2024 15:12:53"}
{"level":"error","message":"[GET] /customers >> StatusCode:: 403, Message:: Invalid or expired token","timestamp":"Jul-15-2024 15:12:57"}
{"level":"error","message":"[POST] /login >> StatusCode:: 401, Message:: Invalid credentials","timestamp":"Jul-15-2024 15:17:59"}
{"level":"error","message":"[GET] /customers >> StatusCode:: 401, Message:: Authentication token required","timestamp":"Jul-15-2024 15:47:53"}
{"level":"error","message":"[GET] /customers >> StatusCode:: 401, Message:: Authentication token required","timestamp":"Jul-15-2024 15:49:53"}
{"level":"error","message":"[POST] /customers >> StatusCode:: 401, Message:: Authentication token required","timestamp":"Jul-15-2024 15:53:23"}
{"level":"error","message":"[GET] /customers >> StatusCode:: 401, Message:: Authentication token required","timestamp":"Jul-15-2024 15:53:27"}
{"level":"error","message":"[GET] /customers >> StatusCode:: 401, Message:: Authentication token required","timestamp":"Jul-15-2024 15:53:59"}
{"level":"error","message":"[GET] /customers >> StatusCode:: 401, Message:: Authentication token required","timestamp":"Jul-15-2024 15:54:27"}
{"level":"error","message":"[GET] /customers >> StatusCode:: 401, Message:: Authentication token required","timestamp":"Jul-15-2024 15:55:04"}
{"level":"error","message":"[GET] /customers >> StatusCode:: 401, Message:: Authentication token required","timestamp":"Jul-15-2024 15:55:08"}
{"level":"error","message":"[GET] /customers >> StatusCode:: 500, Message:: Cannot read properties of undefined (reading 'Authorization')","timestamp":"Jul-15-2024 16:00:40"}
{"level":"error","message":"[GET] /customers >> StatusCode:: 500, Message:: Cannot read properties of undefined (reading 'Authorization')","timestamp":"Jul-15-2024 16:01:12"}
{"level":"error","message":"[GET] /customers >> StatusCode:: 500, Message:: Cannot read properties of undefined (reading 'Authorization')","timestamp":"Jul-15-2024 16:01:23"}
{"level":"error","message":"[GET] /customers >> StatusCode:: 500, Message:: Cannot read properties of undefined (reading 'Authorization')","timestamp":"Jul-15-2024 16:01:32"}
{"level":"error","message":"[GET] /customers >> StatusCode:: 500, Message:: Cannot read properties of undefined (reading 'Authorization')","timestamp":"Jul-15-2024 16:01:32"}
{"level":"error","message":"[GET] /customers >> StatusCode:: 500, Message:: Cannot read properties of undefined (reading 'Authorization')","timestamp":"Jul-15-2024 16:01:38"}
{"level":"error","message":"[GET] /customers >> StatusCode:: 500, Message:: Cannot read properties of undefined (reading 'Authorization')","timestamp":"Jul-15-2024 16:01:47"}
{"level":"error","message":"[GET] /customers >> StatusCode:: 500, Message:: Cannot read properties of undefined (reading 'Authorization')","timestamp":"Jul-15-2024 16:01:47"}
{"level":"error","message":"[GET] /customers >> StatusCode:: 500, Message:: Cannot read properties of undefined (reading 'Authorization')","timestamp":"Jul-15-2024 16:02:29"}
{"level":"error","message":"[GET] /customers >> StatusCode:: 500, Message:: Cannot read properties of undefined (reading 'Authorization')","timestamp":"Jul-15-2024 16:02:29"}
{"level":"error","message":"[GET] /customers >> StatusCode:: 500, Message:: Cannot read properties of undefined (reading 'Authorization')","timestamp":"Jul-15-2024 16:02:49"}
{"level":"error","message":"[GET] /customers >> StatusCode:: 500, Message:: Cannot read properties of undefined (reading 'Authorization')","timestamp":"Jul-15-2024 16:02:49"}
{"level":"error","message":"[GET] /customers >> StatusCode:: 500, Message:: Cannot read properties of undefined (reading 'Authorization')","timestamp":"Jul-15-2024 16:03:11"}
{"level":"error","message":"[GET] /customers >> StatusCode:: 500, Message:: Cannot read properties of undefined (reading 'Authorization')","timestamp":"Jul-15-2024 16:05:02"}
{"level":"error","message":"[GET] /customers >> StatusCode:: 401, Message:: Authentication token required","timestamp":"Jul-15-2024 16:06:12"}
{"level":"error","message":"[GET] /customers >> StatusCode:: 401, Message:: Authentication token required","timestamp":"Jul-15-2024 16:07:35"}
{"level":"error","message":"[GET] /customers >> StatusCode:: 401, Message:: Authentication token required","timestamp":"Jul-15-2024 16:08:18"}
{"level":"error","message":"[GET] /customers >> StatusCode:: 401, Message:: Authentication token required","timestamp":"Jul-15-2024 16:08:54"}
{"level":"error","message":"[GET] /customers >> StatusCode:: 401, Message:: Authentication token required","timestamp":"Jul-15-2024 16:09:29"}
{"level":"error","message":"[GET] /customers >> StatusCode:: 401, Message:: Authentication token required","timestamp":"Jul-15-2024 16:10:59"}
{"level":"error","message":"[GET] /customers >> StatusCode:: 401, Message:: Authentication token required","timestamp":"Jul-15-2024 16:11:22"}
{"level":"error","message":"[GET] /customers >> StatusCode:: 403, Message:: Invalid or expired token","timestamp":"Jul-15-2024 16:12:38"}
{"level":"error","message":"[GET] /customers >> StatusCode:: 403, Message:: Invalid or expired token","timestamp":"Jul-15-2024 16:12:40"}
{"level":"error","message":"[GET] /customers >> StatusCode:: 401, Message:: Authentication token required","timestamp":"Jul-15-2024 16:16:28"}
{"level":"error","message":"[GET] /customers >> StatusCode:: 403, Message:: Invalid or expired token","timestamp":"Jul-15-2024 16:17:39"}
{"level":"error","message":"[GET] /customers >> StatusCode:: 403, Message:: Invalid or expired token","timestamp":"Jul-15-2024 16:17:57"}
{"level":"error","message":"[GET] /customers >> StatusCode:: 403, Message:: Invalid or expired token","timestamp":"Jul-15-2024 16:18:02"}
{"level":"error","message":"[GET] /me >> StatusCode:: 403, Message:: Invalid or expired token","timestamp":"Jul-15-2024 16:18:34"}
{"level":"error","message":"[GET] /me >> StatusCode:: 403, Message:: Invalid or expired token","timestamp":"Jul-15-2024 16:18:36"}
{"level":"error","message":"[GET] /me >> StatusCode:: 401, Message:: Authentication token required","timestamp":"Jul-15-2024 16:23:28"}
{"level":"error","message":"[GET] /me >> StatusCode:: 500, Message:: Cannot read properties of undefined (reading 'Authorization')","timestamp":"Jul-15-2024 16:23:53"}
{"level":"error","message":"[GET] /me >> StatusCode:: 401, Message:: Authentication token required","timestamp":"Jul-15-2024 16:26:50"}
{"level":"error","message":"[GET] /customers >> StatusCode:: 401, Message:: Authentication token required","timestamp":"Jul-15-2024 16:28:50"}
{"level":"error","message":"[GET] /customers >> StatusCode:: 401, Message:: Authentication token required","timestamp":"Jul-15-2024 16:38:46"}
{"level":"error","message":"[POST] /customers/add >> StatusCode:: 409, Message:: Email already exists","timestamp":"Jul-15-2024 17:23:16"}
{"level":"error","message":"[POST] /customers/add >> StatusCode:: 409, Message:: Email already exists","timestamp":"Jul-15-2024 17:24:08"}
{"level":"error","message":"[POST] /customers/add >> StatusCode:: 409, Message:: Email already exists","timestamp":"Jul-15-2024 17:24:19"}
{"level":"error","message":"[POST] /customers/add >> StatusCode:: 409, Message:: Email already exists","timestamp":"Jul-15-2024 17:26:38"}
{"level":"error","message":"[POST] /customers/add >> StatusCode:: 409, Message:: Email already exists","timestamp":"Jul-15-2024 17:26:49"}
{"level":"error","message":"[POST] /customers/add >> StatusCode:: 409, Message:: Email already exists","timestamp":"Jul-15-2024 17:27:05"}
{"level":"error","message":"[POST] /customers/add >> StatusCode:: 409, Message:: Email already exists","timestamp":"Jul-15-2024 17:28:27"}
{"level":"error","message":"[POST] /customers/add >> StatusCode:: 409, Message:: Email already exists","timestamp":"Jul-15-2024 17:28:29"}
{"level":"error","message":"[POST] /customers/add >> StatusCode:: 409, Message:: Email already exists","timestamp":"Jul-15-2024 17:29:42"}
{"level":"error","message":"[POST] /customers/add >> StatusCode:: 409, Message:: Email already exists","timestamp":"Jul-15-2024 17:29:54"}
{"level":"error","message":"[GET] /customers >> StatusCode:: 404, Message:: Customers not found","timestamp":"Jul-15-2024 17:34:49"}
{"level":"error","message":"[GET] /customers >> StatusCode:: 404, Message:: Customers not found","timestamp":"Jul-15-2024 17:34:49"}
{"level":"error","message":"[GET] /customers >> StatusCode:: 404, Message:: Customers not found","timestamp":"Jul-15-2024 17:34:49"}
{"level":"error","message":"[GET] /customers >> StatusCode:: 404, Message:: Customers not found","timestamp":"Jul-15-2024 17:34:49"}
{"level":"error","message":"[GET] /customers >> StatusCode:: 404, Message:: Customers not found","timestamp":"Jul-15-2024 17:34:49"}
{"level":"error","message":"[POST] /customers/add >> StatusCode:: 409, Message:: Email already exists","timestamp":"Jul-15-2024 17:53:07"}
{"level":"error","message":"[POST] /customers/add >> StatusCode:: 409, Message:: Email already exists","timestamp":"Jul-15-2024 17:53:11"}
{"level":"error","message":"[POST] /customers/add >> StatusCode:: 409, Message:: Email already exists","timestamp":"Jul-15-2024 17:53:28"}
{"level":"error","message":"[POST] /customers/add >> StatusCode:: 409, Message:: Email already exists","timestamp":"Jul-15-2024 17:54:01"}
{"level":"error","message":"[POST] /customers/add >> StatusCode:: 409, Message:: Email already exists","timestamp":"Jul-15-2024 17:54:45"}
{"level":"error","message":"[POST] /login >> StatusCode:: 401, Message:: Invalid credentials","timestamp":"Jul-15-2024 18:00:11"}
{"level":"error","message":"[POST] /login >> StatusCode:: 401, Message:: Invalid credentials","timestamp":"Jul-16-2024 11:17:48"}
{"level":"error","message":"[POST] /login >> StatusCode:: 401, Message:: Invalid credentials","timestamp":"Jul-16-2024 11:18:16"}
{"level":"error","message":"[POST] /login >> StatusCode:: 401, Message:: Invalid credentials","timestamp":"Jul-16-2024 11:18:40"}
{"level":"error","message":"[POST] /login >> StatusCode:: 401, Message:: Invalid credentials","timestamp":"Jul-16-2024 11:18:42"}
{"level":"error","message":"[POST] /login >> StatusCode:: 401, Message:: Invalid credentials","timestamp":"Jul-16-2024 11:19:02"}
{"level":"error","message":"[POST] /login >> StatusCode:: 401, Message:: Invalid credentials","timestamp":"Jul-16-2024 11:19:06"}
{"level":"error","message":"[POST] /login >> StatusCode:: 401, Message:: Invalid credentials","timestamp":"Jul-16-2024 11:19:30"}
{"level":"error","message":"[POST] /login >> StatusCode:: 401, Message:: Invalid credentials","timestamp":"Jul-16-2024 11:21:18"}
{"level":"error","message":"[POST] /login >> StatusCode:: 401, Message:: Invalid credentials","timestamp":"Jul-16-2024 11:21:27"}
{"level":"error","message":"[POST] /login >> StatusCode:: 401, Message:: Invalid credentials","timestamp":"Jul-16-2024 11:21:35"}
{"level":"error","message":"[POST] /login >> StatusCode:: 401, Message:: Invalid credentials","timestamp":"Jul-16-2024 11:22:36"}
{"level":"error","message":"[POST] /login >> StatusCode:: 401, Message:: Invalid credentials","timestamp":"Jul-16-2024 11:23:56"}
{"level":"error","message":"[POST] /login >> StatusCode:: 401, Message:: Invalid credentials","timestamp":"Jul-16-2024 11:24:27"}
{"level":"error","message":"[POST] /login >> StatusCode:: 401, Message:: Invalid credentials","timestamp":"Jul-16-2024 11:26:56"}
{"level":"error","message":"[POST] /login >> StatusCode:: 401, Message:: Invalid credentials","timestamp":"Jul-16-2024 11:28:51"}
{"level":"error","message":"[POST] /login >> StatusCode:: 401, Message:: Invalid Password","timestamp":"Jul-16-2024 17:46:59"}
